Using pre-set license
Built from '2020.2/release' branch; Version is '2020.2.2f1 (068178b99f32) revision 426360'; Using compiler version '192528614'; Build Type 'Release'
OS: 'Windows 10 Home; OS build 19041.867; Version 2004; 64bit' Language: 'en' Physical Memory: 7944 MB
BatchMode: 1, IsHumanControllingUs: 0, StartBugReporterOnCrash: 0, Is64bit: 1, IsPro: 0

 COMMAND LINE ARGUMENTS:
C:\Program Files\Unity\Editor\Unity.exe
-adb2
-batchMode
-noUpm
-name
AssetImportWorker0
-projectPath
C:/Users/Oniel Gutierrez/Desktop/Unity/Tower Defense
-logFile
Logs/AssetImportWorker0.log
-srvPort
50354
Successfully changed project path to: C:/Users/Oniel Gutierrez/Desktop/Unity/Tower Defense
C:/Users/Oniel Gutierrez/Desktop/Unity/Tower Defense
Using Asset Import Pipeline V2.
Refreshing native plugins compatible for Editor in 84.57 ms, found 1 plugins.
Preloading 0 native plugins for Editor in 0.00 ms.
Initialize engine version: 2020.2.2f1 (068178b99f32)
[Subsystems] Discovering subsystems at path C:/Program Files/Unity/Editor/Data/Resources/UnitySubsystems
[Subsystems] Discovering subsystems at path C:/Users/Oniel Gutierrez/Desktop/Unity/Tower Defense/Assets
GfxDevice: creating device client; threaded=0
Direct3D:
    Version:  Direct3D 11.0 [level 11.1]
    Renderer: Intel(R) HD Graphics Family (ID=0xa16)
    Vendor:   
    VRAM:     2048 MB
    Driver:   20.19.15.4642
Initialize mono
Mono path[0] = 'C:/Program Files/Unity/Editor/Data/Managed'
Mono path[1] = 'C:/Program Files/Unity/Editor/Data/MonoBleedingEdge/lib/mono/unityjit'
Mono config path = 'C:/Program Files/Unity/Editor/Data/MonoBleedingEdge/etc'
Using monoOptions --debugger-agent=transport=dt_socket,embedding=1,server=y,suspend=n,address=127.0.0.1:56772
Begin MonoManager ReloadAssembly
Registering precompiled unity dll's ...
Register platform support module: C:/Program Files/Unity/Editor/Data/PlaybackEngines/WindowsStandaloneSupport/UnityEditor.WindowsStandalone.Extensions.dll
Registered in 0.054998 seconds.
Native extension for WindowsStandalone target not found
Refreshing native plugins compatible for Editor in 76.73 ms, found 1 plugins.
Preloading 0 native plugins for Editor in 0.00 ms.
Invoked RoslynAnalysisRunner static constructor.
RoslynAnalysisRunner will not be running.
RoslynAnalysisRunner has terminated.
Mono: successfully reloaded assembly
- Completed reload, in  1.834 seconds
Platform modules already initialized, skipping
Registering precompiled user dll's ...
Registered in 0.031815 seconds.
Begin MonoManager ReloadAssembly
Native extension for WindowsStandalone target not found
Refreshing native plugins compatible for Editor in 65.39 ms, found 1 plugins.
Preloading 0 native plugins for Editor in 0.00 ms.
Invoked RoslynAnalysisRunner static constructor.
RoslynAnalysisRunner will not be running.
RoslynAnalysisRunner has terminated.
Mono: successfully reloaded assembly
- Completed reload, in  2.688 seconds
Platform modules already initialized, skipping
========================================================================
Worker process is ready to serve import requests
Launched and connected shader compiler UnityShaderCompiler.exe after 0.23 seconds
Refreshing native plugins compatible for Editor in 0.64 ms, found 1 plugins.
Preloading 0 native plugins for Editor in 0.00 ms.
Unloading 1868 Unused Serialized files (Serialized files now loaded: 0)
System memory in use before: 88.9 MB.
System memory in use after: 88.9 MB.

Unloading 24 unused Assets to reduce memory usage. Loaded Objects now: 2312.
Total: 3.296800 ms (FindLiveObjects: 0.287700 ms CreateObjectMapping: 0.141400 ms MarkObjects: 2.693500 ms  DeleteObjects: 0.172600 ms)

========================================================================
Received Import Request.
  path: Assets/Sprites/UI/Achievements.png
  artifactKey: Guid(98716c0052a59714d8cbc7ce7e4aeabc) Importer(815301076,1909f56bfc062723c751e8b465ee728b)
Start importing Assets/Sprites/UI/Achievements.png using Guid(98716c0052a59714d8cbc7ce7e4aeabc) Importer(815301076,1909f56bfc062723c751e8b465ee728b)  -> (artifact id: '33e8fa5a23ad4868dff8fcfd69f0ddbd') in 0.346286 seconds
  Import took 0.373083 seconds .

========================================================================
Received Import Request.
  Time since last request: 40.501524 seconds.
  path: Assets/Scripts/Achievement.cs
  artifactKey: Guid(97a2ef60cc10399408bb4e0060637512) Importer(815301076,1909f56bfc062723c751e8b465ee728b)
Start importing Assets/Scripts/Achievement.cs using Guid(97a2ef60cc10399408bb4e0060637512) Importer(815301076,1909f56bfc062723c751e8b465ee728b)  -> (artifact id: '084eaed4b0fb124b0300248e3afcb574') in 0.077943 seconds
  Import took 0.106246 seconds .

========================================================================
Received Prepare
Registering precompiled user dll's ...
Registered in 0.120274 seconds.
Begin MonoManager ReloadAssembly
Native extension for WindowsStandalone target not found
Refreshing native plugins compatible for Editor in 0.86 ms, found 1 plugins.
Preloading 0 native plugins for Editor in 0.00 ms.
Invoked RoslynAnalysisRunner static constructor.
RoslynAnalysisRunner will not be running.
RoslynAnalysisRunner has terminated.
Mono: successfully reloaded assembly
- Completed reload, in  1.779 seconds
Platform modules already initialized, skipping
Refreshing native plugins compatible for Editor in 0.91 ms, found 1 plugins.
Preloading 0 native plugins for Editor in 0.00 ms.
Unloading 1850 Unused Serialized files (Serialized files now loaded: 0)
System memory in use before: 91.1 MB.
System memory in use after: 91.1 MB.

Unloading 12 unused Assets to reduce memory usage. Loaded Objects now: 2323.
Total: 6.211600 ms (FindLiveObjects: 1.416900 ms CreateObjectMapping: 0.703300 ms MarkObjects: 3.943500 ms  DeleteObjects: 0.143000 ms)

========================================================================
Received Prepare
Registering precompiled user dll's ...
Registered in 0.003894 seconds.
Begin MonoManager ReloadAssembly
Native extension for WindowsStandalone target not found
Refreshing native plugins compatible for Editor in 0.68 ms, found 1 plugins.
Preloading 0 native plugins for Editor in 0.00 ms.
Invoked RoslynAnalysisRunner static constructor.
RoslynAnalysisRunner will not be running.
RoslynAnalysisRunner has terminated.
Mono: successfully reloaded assembly
- Completed reload, in  2.101 seconds
Platform modules already initialized, skipping
Refreshing native plugins compatible for Editor in 0.92 ms, found 1 plugins.
Preloading 0 native plugins for Editor in 0.00 ms.
Unloading 1850 Unused Serialized files (Serialized files now loaded: 0)
System memory in use before: 91.4 MB.
System memory in use after: 91.4 MB.

Unloading 12 unused Assets to reduce memory usage. Loaded Objects now: 2326.
Total: 2.804300 ms (FindLiveObjects: 0.278400 ms CreateObjectMapping: 0.142400 ms MarkObjects: 2.238000 ms  DeleteObjects: 0.143600 ms)

========================================================================
Received Import Request.
  Time since last request: 525.692089 seconds.
  path: Assets/ScriptableObject/Turrets
  artifactKey: Guid(bfe6e1d652647e941a6c42fa894b6a20) Importer(815301076,1909f56bfc062723c751e8b465ee728b)
Start importing Assets/ScriptableObject/Turrets using Guid(bfe6e1d652647e941a6c42fa894b6a20) Importer(815301076,1909f56bfc062723c751e8b465ee728b)  -> (artifact id: '12579e7f6c75981848b852e6a94c60e8') in 0.048218 seconds
  Import took 0.062852 seconds .

========================================================================
Received Import Request.
  Time since last request: 6.901487 seconds.
  path: Assets/ScriptableObject/Achievements
  artifactKey: Guid(00c4b5261bee7e34f9efe82ccdab0263) Importer(815301076,1909f56bfc062723c751e8b465ee728b)
Start importing Assets/ScriptableObject/Achievements using Guid(00c4b5261bee7e34f9efe82ccdab0263) Importer(815301076,1909f56bfc062723c751e8b465ee728b)  -> (artifact id: '8f2b74636b915f1ffb854d99138b8fbc') in 0.017303 seconds
  Import took 0.023921 seconds .

========================================================================
Received Import Request.
  Time since last request: 18.422116 seconds.
  path: Assets/ScriptableObject/Achievements/Achievement.asset
  artifactKey: Guid(88975fa4d0720db49b820f5549c08c56) Importer(815301076,1909f56bfc062723c751e8b465ee728b)
Start importing Assets/ScriptableObject/Achievements/Achievement.asset using Guid(88975fa4d0720db49b820f5549c08c56) Importer(815301076,1909f56bfc062723c751e8b465ee728b)  -> (artifact id: '17a311ae33c4413862faa9876889b09d') in 0.086276 seconds
  Import took 0.093380 seconds .

AssetImportWorkerClient::OnTransportError - code=2 error=End of file
